<?xml version="1.0" encoding="UTF-8"?>
<testsuite xmlns:xsi="http://www.w3.org/2001/XMLSchema-instance" xsi:noNamespaceSchemaLocation="https://maven.apache.org/surefire/maven-surefire-plugin/xsd/surefire-test-report-3.0.xsd" version="3.0" name="thesis.antlersolver.algorithm.GraphAlgorithmTest" time="0.207" tests="10" errors="0" skipped="0" failures="0">
  <properties>
    <property name="java.specification.version" value="18"/>
    <property name="sun.cpu.isalist" value="amd64"/>
    <property name="sun.jnu.encoding" value="Cp1252"/>
    <property name="java.class.path" value="C:\Users\20202991\Dropbox\My PC (S20202991)\Documents\GitHub\AntlerSolver\target\test-classes;C:\Users\20202991\Dropbox\My PC (S20202991)\Documents\GitHub\AntlerSolver\target\classes;C:\Users\20202991\.m2\repository\org\junit\jupiter\junit-jupiter-api\5.9.2\junit-jupiter-api-5.9.2.jar;C:\Users\20202991\.m2\repository\org\opentest4j\opentest4j\1.2.0\opentest4j-1.2.0.jar;C:\Users\20202991\.m2\repository\org\junit\platform\junit-platform-commons\1.9.2\junit-platform-commons-1.9.2.jar;C:\Users\20202991\.m2\repository\org\apiguardian\apiguardian-api\1.1.2\apiguardian-api-1.1.2.jar;C:\Users\20202991\.m2\repository\org\junit\jupiter\junit-jupiter-engine\5.9.2\junit-jupiter-engine-5.9.2.jar;C:\Users\20202991\.m2\repository\org\junit\platform\junit-platform-engine\1.9.2\junit-platform-engine-1.9.2.jar;C:\Users\20202991\.m2\repository\fvs_wata_orz\fvs_wata_orz\1.0\fvs_wata_orz-1.0.jar;"/>
    <property name="java.vm.vendor" value="Oracle Corporation"/>
    <property name="sun.arch.data.model" value="64"/>
    <property name="user.variant" value=""/>
    <property name="java.vendor.url" value="https://java.oracle.com/"/>
    <property name="user.timezone" value="Europe/Amsterdam"/>
    <property name="user.country.format" value="NL"/>
    <property name="os.name" value="Windows 10"/>
    <property name="java.vm.specification.version" value="18"/>
    <property name="sun.java.launcher" value="SUN_STANDARD"/>
    <property name="user.country" value="US"/>
    <property name="sun.boot.library.path" value="C:\Program Files\Java\jdk-18.0.1.1\bin"/>
    <property name="sun.java.command" value="C:\Users\20202991\AppData\Local\Temp\surefire406658455756756965\surefirebooter-20250329131736245_3.jar C:\Users\20202991\AppData\Local\Temp\surefire406658455756756965 2025-03-29T13-17-36_014-jvmRun1 surefire-20250329131736245_1tmp surefire_0-20250329131736245_2tmp"/>
    <property name="jdk.debug" value="release"/>
    <property name="surefire.test.class.path" value="C:\Users\20202991\Dropbox\My PC (S20202991)\Documents\GitHub\AntlerSolver\target\test-classes;C:\Users\20202991\Dropbox\My PC (S20202991)\Documents\GitHub\AntlerSolver\target\classes;C:\Users\20202991\.m2\repository\org\junit\jupiter\junit-jupiter-api\5.9.2\junit-jupiter-api-5.9.2.jar;C:\Users\20202991\.m2\repository\org\opentest4j\opentest4j\1.2.0\opentest4j-1.2.0.jar;C:\Users\20202991\.m2\repository\org\junit\platform\junit-platform-commons\1.9.2\junit-platform-commons-1.9.2.jar;C:\Users\20202991\.m2\repository\org\apiguardian\apiguardian-api\1.1.2\apiguardian-api-1.1.2.jar;C:\Users\20202991\.m2\repository\org\junit\jupiter\junit-jupiter-engine\5.9.2\junit-jupiter-engine-5.9.2.jar;C:\Users\20202991\.m2\repository\org\junit\platform\junit-platform-engine\1.9.2\junit-platform-engine-1.9.2.jar;C:\Users\20202991\.m2\repository\fvs_wata_orz\fvs_wata_orz\1.0\fvs_wata_orz-1.0.jar;"/>
    <property name="sun.cpu.endian" value="little"/>
    <property name="user.home" value="C:\Users\20202991"/>
    <property name="user.language" value="en"/>
    <property name="java.specification.vendor" value="Oracle Corporation"/>
    <property name="java.version.date" value="2022-04-22"/>
    <property name="java.home" value="C:\Program Files\Java\jdk-18.0.1.1"/>
    <property name="file.separator" value="\"/>
    <property name="basedir" value="C:\Users\20202991\Dropbox\My PC (S20202991)\Documents\GitHub\AntlerSolver"/>
    <property name="java.vm.compressedOopsMode" value="Zero based"/>
    <property name="line.separator" value="&#10;"/>
    <property name="java.vm.specification.vendor" value="Oracle Corporation"/>
    <property name="java.specification.name" value="Java Platform API Specification"/>
    <property name="surefire.real.class.path" value="C:\Users\20202991\AppData\Local\Temp\surefire406658455756756965\surefirebooter-20250329131736245_3.jar"/>
    <property name="user.script" value=""/>
    <property name="sun.management.compiler" value="HotSpot 64-Bit Tiered Compilers"/>
    <property name="java.runtime.version" value="18.0.1.1+2-6"/>
    <property name="user.name" value="20202991"/>
    <property name="path.separator" value=";"/>
    <property name="os.version" value="10.0"/>
    <property name="java.runtime.name" value="Java(TM) SE Runtime Environment"/>
    <property name="file.encoding" value="UTF-8"/>
    <property name="java.vm.name" value="Java HotSpot(TM) 64-Bit Server VM"/>
    <property name="localRepository" value="C:\Users\20202991\.m2\repository"/>
    <property name="java.vendor.url.bug" value="https://bugreport.java.com/bugreport/"/>
    <property name="java.io.tmpdir" value="C:\Users\20202991\AppData\Local\Temp\"/>
    <property name="java.version" value="18.0.1.1"/>
    <property name="user.dir" value="C:\Users\20202991\Dropbox\My PC (S20202991)\Documents\GitHub\AntlerSolver"/>
    <property name="os.arch" value="amd64"/>
    <property name="java.vm.specification.name" value="Java Virtual Machine Specification"/>
    <property name="sun.os.patch.level" value=""/>
    <property name="native.encoding" value="Cp1252"/>
    <property name="java.library.path" value="C:\Program Files\Java\jdk-18.0.1.1\bin;C:\WINDOWS\Sun\Java\bin;C:\WINDOWS\system32;C:\WINDOWS;C:\Program Files (x86)\Common Files\Oracle\Java\java8path;C:\Program Files (x86)\Common Files\Oracle\Java\javapath;C:\Program Files\NVIDIA GPU Computing Toolkit\CUDA\v11.8\bin;C:\Program Files\NVIDIA GPU Computing Toolkit\CUDA\v11.8\libnvvp;C:\Program Files\NVIDIA GPU Computing Toolkit\CUDA\v8.0\bin;C:\Program Files\NVIDIA GPU Computing Toolkit\CUDA\v8.0\libnvvp;C:\Program Files\NVIDIA GPU Computing Toolkit\CUDA\v12.1\bin;C:\Program Files\NVIDIA GPU Computing Toolkit\CUDA\v12.1\libnvvp;C:\Program Files (x86)\VMware\VMware Player\bin\;C:\gurobi951\win64\bin;C:\WINDOWS\system32;C:\WINDOWS;C:\WINDOWS\System32\Wbem;C:\WINDOWS\System32\WindowsPowerShell\v1.0\;C:\WINDOWS\System32\OpenSSH\;C:\Program Files\Wolfram Research\WolframScript\;C:\Program Files\MiKTeX 2.9\miktex\bin\x64\;C:\Program Files\MATLAB\R2021a\bin;C:\Program Files\Git\cmd;C:\Program Files\dotnet\;C:\Program Files\nodejs\;C:\Program Files\PuTTY\;C:\Program Files (x86)\NVIDIA Corporation\PhysX\Common;C:\Program Files\Java\jdk-18.0.1.1\bin;C:\Spark\spark-3.5.1-bin-hadoop3\bin;C:\Hadoop\hadoop-3.3.6\bin;C:\Program Files\NVIDIA Corporation\Nsight Compute 2022.3.0\;C:\Program Files\Apache\Maven\apache-maven-3.9.9\bin;C:\Users\20202991\AppData\Local\Microsoft\WindowsApps;C:\Users\20202991\AppData\Local\Programs\Microsoft VS Code\bin;C:\Users\20202991\AppData\Local\GitHubDesktop\bin;C:\Users\20202991\AppData\Local\gitkraken\bin;C:\Users\20202991\AppData\Local\Microsoft\WindowsApps;C:\Users\20202991\.dotnet\tools;C:\Users\20202991\AppData\Roaming\npm;C:\Users\20202991\AppData\Local\Programs\MiKTeX\miktex\bin\x64\;C:\Program Files (x86)\Python\Scripts;C:\Users\20202991\AppData\Local\Packages\PythonSoftwareFoundation.Python.3.11_qbz5n2kfra8p0\LocalCache\local-packages\Python311\Scripts;C:\Spark\spark-3.5.1-bin-hadoop3\bin;C:\Hadoop\hadoop-3.3.6\bin;;."/>
    <property name="java.vm.info" value="mixed mode, sharing"/>
    <property name="java.vendor" value="Oracle Corporation"/>
    <property name="java.vm.version" value="18.0.1.1+2-6"/>
    <property name="sun.io.unicode.encoding" value="UnicodeLittle"/>
    <property name="java.class.version" value="62.0"/>
  </properties>
  <testcase name="testNaiveFVS" classname="thesis.antlersolver.algorithm.GraphAlgorithmTest" time="0.063"/>
  <testcase name="testSmartDisjointFVS" classname="thesis.antlersolver.algorithm.GraphAlgorithmTest" time="0.005"/>
  <testcase name="testIsAcyclic" classname="thesis.antlersolver.algorithm.GraphAlgorithmTest" time="0.01"/>
  <testcase name="testKAntlers" classname="thesis.antlersolver.algorithm.GraphAlgorithmTest" time="0.051">
    <system-out><![CDATA[2 -> 8, 13, 21
3 -> 8, 21, 35
4 -> 8, 25, 35
]]></system-out>
  </testcase>
  <testcase name="testSmartFVS" classname="thesis.antlersolver.algorithm.GraphAlgorithmTest" time="0.004">
    <system-err><![CDATA[selfLoop: 7 -> 6
deg2: 6 -> 0
reduction finished
]]></system-err>
  </testcase>
  <testcase name="testKPathAntlers" classname="thesis.antlersolver.algorithm.GraphAlgorithmTest" time="0.021"/>
  <testcase name="testSingletonPathAntlers" classname="thesis.antlersolver.algorithm.GraphAlgorithmTest" time="0.001"/>
  <testcase name="testNaiveDisjointFVS" classname="thesis.antlersolver.algorithm.GraphAlgorithmTest" time="0.011"/>
  <testcase name="testConnectedComponents" classname="thesis.antlersolver.algorithm.GraphAlgorithmTest" time="0.001"/>
  <testcase name="testEdgeBCC" classname="thesis.antlersolver.algorithm.GraphAlgorithmTest" time="0.003"/>
</testsuite>