<?xml version="1.0" encoding="UTF-8"?>
<testsuite xmlns:xsi="http://www.w3.org/2001/XMLSchema-instance" xsi:noNamespaceSchemaLocation="https://maven.apache.org/surefire/maven-surefire-plugin/xsd/surefire-test-report-3.0.xsd" version="3.0" name="thesis.antlersolver.model.GraphTest" time="0.061" tests="19" errors="0" skipped="0" failures="0">
  <properties>
    <property name="sun.desktop" value="windows"/>
    <property name="awt.toolkit" value="sun.awt.windows.WToolkit"/>
    <property name="file.encoding.pkg" value="sun.io"/>
    <property name="java.specification.version" value="1.8"/>
    <property name="sun.cpu.isalist" value="amd64"/>
    <property name="sun.jnu.encoding" value="Cp1252"/>
    <property name="java.class.path" value="C:\Users\20202991\Dropbox\My PC (S20202991)\Documents\GitHub\AntlerSolver\target\test-classes;C:\Users\20202991\Dropbox\My PC (S20202991)\Documents\GitHub\AntlerSolver\target\classes;C:\Users\20202991\.m2\repository\org\junit\jupiter\junit-jupiter-api\5.9.2\junit-jupiter-api-5.9.2.jar;C:\Users\20202991\.m2\repository\org\opentest4j\opentest4j\1.2.0\opentest4j-1.2.0.jar;C:\Users\20202991\.m2\repository\org\junit\platform\junit-platform-commons\1.9.2\junit-platform-commons-1.9.2.jar;C:\Users\20202991\.m2\repository\org\apiguardian\apiguardian-api\1.1.2\apiguardian-api-1.1.2.jar;C:\Users\20202991\.m2\repository\org\junit\jupiter\junit-jupiter-engine\5.9.2\junit-jupiter-engine-5.9.2.jar;C:\Users\20202991\.m2\repository\org\junit\platform\junit-platform-engine\1.9.2\junit-platform-engine-1.9.2.jar;C:\Users\20202991\.m2\repository\fvs_wata_orz\fvs_wata_orz\1.0\fvs_wata_orz-1.0.jar;"/>
    <property name="java.vm.vendor" value="Oracle Corporation"/>
    <property name="sun.arch.data.model" value="64"/>
    <property name="user.variant" value=""/>
    <property name="java.vendor.url" value="http://java.oracle.com/"/>
    <property name="user.timezone" value="Europe/Berlin"/>
    <property name="user.country.format" value="NL"/>
    <property name="java.vm.specification.version" value="1.8"/>
    <property name="os.name" value="Windows 10"/>
    <property name="user.country" value="US"/>
    <property name="sun.java.launcher" value="SUN_STANDARD"/>
    <property name="sun.boot.library.path" value="C:\Program Files\Java\jdk1.8.0_202\jre\bin"/>
    <property name="sun.java.command" value="C:\Users\20202991\AppData\Local\Temp\surefire2611385464899471471\surefirebooter-20250421115855367_3.jar C:\Users\20202991\AppData\Local\Temp\surefire2611385464899471471 2025-04-21T11-58-54_535-jvmRun1 surefire-20250421115855367_1tmp surefire_0-20250421115855367_2tmp"/>
    <property name="surefire.test.class.path" value="C:\Users\20202991\Dropbox\My PC (S20202991)\Documents\GitHub\AntlerSolver\target\test-classes;C:\Users\20202991\Dropbox\My PC (S20202991)\Documents\GitHub\AntlerSolver\target\classes;C:\Users\20202991\.m2\repository\org\junit\jupiter\junit-jupiter-api\5.9.2\junit-jupiter-api-5.9.2.jar;C:\Users\20202991\.m2\repository\org\opentest4j\opentest4j\1.2.0\opentest4j-1.2.0.jar;C:\Users\20202991\.m2\repository\org\junit\platform\junit-platform-commons\1.9.2\junit-platform-commons-1.9.2.jar;C:\Users\20202991\.m2\repository\org\apiguardian\apiguardian-api\1.1.2\apiguardian-api-1.1.2.jar;C:\Users\20202991\.m2\repository\org\junit\jupiter\junit-jupiter-engine\5.9.2\junit-jupiter-engine-5.9.2.jar;C:\Users\20202991\.m2\repository\org\junit\platform\junit-platform-engine\1.9.2\junit-platform-engine-1.9.2.jar;C:\Users\20202991\.m2\repository\fvs_wata_orz\fvs_wata_orz\1.0\fvs_wata_orz-1.0.jar;"/>
    <property name="sun.cpu.endian" value="little"/>
    <property name="user.home" value="C:\Users\20202991"/>
    <property name="user.language" value="en"/>
    <property name="java.specification.vendor" value="Oracle Corporation"/>
    <property name="java.home" value="C:\Program Files\Java\jdk1.8.0_202\jre"/>
    <property name="basedir" value="C:\Users\20202991\Dropbox\My PC (S20202991)\Documents\GitHub\AntlerSolver"/>
    <property name="file.separator" value="\"/>
    <property name="line.separator" value="&#10;"/>
    <property name="java.vm.specification.vendor" value="Oracle Corporation"/>
    <property name="java.specification.name" value="Java Platform API Specification"/>
    <property name="java.awt.graphicsenv" value="sun.awt.Win32GraphicsEnvironment"/>
    <property name="surefire.real.class.path" value="C:\Users\20202991\AppData\Local\Temp\surefire2611385464899471471\surefirebooter-20250421115855367_3.jar"/>
    <property name="sun.boot.class.path" value="C:\Program Files\Java\jdk1.8.0_202\jre\lib\resources.jar;C:\Program Files\Java\jdk1.8.0_202\jre\lib\rt.jar;C:\Program Files\Java\jdk1.8.0_202\jre\lib\sunrsasign.jar;C:\Program Files\Java\jdk1.8.0_202\jre\lib\jsse.jar;C:\Program Files\Java\jdk1.8.0_202\jre\lib\jce.jar;C:\Program Files\Java\jdk1.8.0_202\jre\lib\charsets.jar;C:\Program Files\Java\jdk1.8.0_202\jre\lib\jfr.jar;C:\Program Files\Java\jdk1.8.0_202\jre\classes"/>
    <property name="user.script" value=""/>
    <property name="sun.management.compiler" value="HotSpot 64-Bit Tiered Compilers"/>
    <property name="java.runtime.version" value="1.8.0_202-b08"/>
    <property name="user.name" value="20202991"/>
    <property name="path.separator" value=";"/>
    <property name="os.version" value="10.0"/>
    <property name="java.endorsed.dirs" value="C:\Program Files\Java\jdk1.8.0_202\jre\lib\endorsed"/>
    <property name="java.runtime.name" value="Java(TM) SE Runtime Environment"/>
    <property name="file.encoding" value="Cp1252"/>
    <property name="java.vm.name" value="Java HotSpot(TM) 64-Bit Server VM"/>
    <property name="localRepository" value="C:\Users\20202991\.m2\repository"/>
    <property name="java.vendor.url.bug" value="http://bugreport.sun.com/bugreport/"/>
    <property name="java.io.tmpdir" value="C:\Users\20202991\AppData\Local\Temp\"/>
    <property name="java.version" value="1.8.0_202"/>
    <property name="user.dir" value="C:\Users\20202991\Dropbox\My PC (S20202991)\Documents\GitHub\AntlerSolver"/>
    <property name="os.arch" value="amd64"/>
    <property name="java.vm.specification.name" value="Java Virtual Machine Specification"/>
    <property name="java.awt.printerjob" value="sun.awt.windows.WPrinterJob"/>
    <property name="sun.os.patch.level" value=""/>
    <property name="java.library.path" value="C:\Program Files\Java\jdk1.8.0_202\jre\bin;C:\WINDOWS\Sun\Java\bin;C:\WINDOWS\system32;C:\WINDOWS;C:\Program Files\NVIDIA GPU Computing Toolkit\CUDA\v11.8\bin;C:\Program Files\NVIDIA GPU Computing Toolkit\CUDA\v11.8\libnvvp;C:\Program Files\NVIDIA GPU Computing Toolkit\CUDA\v8.0\bin;C:\Program Files\NVIDIA GPU Computing Toolkit\CUDA\v8.0\libnvvp;C:\Program Files\NVIDIA GPU Computing Toolkit\CUDA\v12.1\bin;C:\Program Files\NVIDIA GPU Computing Toolkit\CUDA\v12.1\libnvvp;C:\Program Files (x86)\VMware\VMware Player\bin\;C:\gurobi951\win64\bin;C:\WINDOWS\system32;C:\WINDOWS;C:\WINDOWS\System32\Wbem;C:\WINDOWS\System32\WindowsPowerShell\v1.0\;C:\WINDOWS\System32\OpenSSH\;C:\Program Files\Wolfram Research\WolframScript\;C:\Program Files\MiKTeX 2.9\miktex\bin\x64\;C:\Program Files\MATLAB\R2021a\bin;C:\Program Files\Git\cmd;C:\Program Files\dotnet\;C:\Program Files\nodejs\;C:\Program Files\PuTTY\;C:\Program Files (x86)\NVIDIA Corporation\PhysX\Common;C:\Program Files\Java\jdk1.8.0_202\bin;C:\Spark\spark-3.5.1-bin-hadoop3\bin;C:\Hadoop\hadoop-3.3.6\bin;C:\Program Files\NVIDIA Corporation\Nsight Compute 2022.3.0\;C:\Program Files\Apache\Maven\apache-maven-3.9.9\bin;C:\Users\20202991\AppData\Local\Microsoft\WindowsApps;C:\Users\20202991\AppData\Local\Programs\Microsoft VS Code\bin;C:\Users\20202991\AppData\Local\GitHubDesktop\bin;C:\Users\20202991\AppData\Local\gitkraken\bin;C:\Users\20202991\AppData\Local\Microsoft\WindowsApps;C:\Users\20202991\.dotnet\tools;C:\Users\20202991\AppData\Roaming\npm;C:\Users\20202991\AppData\Local\Programs\MiKTeX\miktex\bin\x64\;C:\Program Files (x86)\Python\Scripts;C:\Users\20202991\AppData\Local\Packages\PythonSoftwareFoundation.Python.3.11_qbz5n2kfra8p0\LocalCache\local-packages\Python311\Scripts;C:\Spark\spark-3.5.1-bin-hadoop3\bin;C:\Hadoop\hadoop-3.3.6\bin;C:\Users\20202991\Dropbox\My PC (S20202991)\Documents\Cloc;;."/>
    <property name="java.vm.info" value="mixed mode"/>
    <property name="java.vendor" value="Oracle Corporation"/>
    <property name="java.vm.version" value="25.202-b08"/>
    <property name="java.ext.dirs" value="C:\Program Files\Java\jdk1.8.0_202\jre\lib\ext;C:\WINDOWS\Sun\Java\lib\ext"/>
    <property name="sun.io.unicode.encoding" value="UnicodeLittle"/>
    <property name="java.class.version" value="52.0"/>
  </properties>
  <testcase name="testLeaveSet" classname="thesis.antlersolver.model.GraphTest" time="0.001"/>
  <testcase name="testBetweenF" classname="thesis.antlersolver.model.GraphTest" time="0.001"/>
  <testcase name="testGraphConstructor" classname="thesis.antlersolver.model.GraphTest" time="0.009"/>
  <testcase name="testIsolatedSet" classname="thesis.antlersolver.model.GraphTest" time="0.0"/>
  <testcase name="testAddEdge" classname="thesis.antlersolver.model.GraphTest" time="0.001"/>
  <testcase name="testAddNode" classname="thesis.antlersolver.model.GraphTest" time="0.001"/>
  <testcase name="testSingleAntlerSet" classname="thesis.antlersolver.model.GraphTest" time="0.001"/>
  <testcase name="testDegree2Set" classname="thesis.antlersolver.model.GraphTest" time="0.001"/>
  <testcase name="testDoubleToF" classname="thesis.antlersolver.model.GraphTest" time="0.001"/>
  <testcase name="testNodeDegree" classname="thesis.antlersolver.model.GraphTest" time="0.002"/>
  <testcase name="testF" classname="thesis.antlersolver.model.GraphTest" time="0.001"/>
  <testcase name="testNodeRemove" classname="thesis.antlersolver.model.GraphTest" time="0.002"/>
  <testcase name="testSelfloopSet" classname="thesis.antlersolver.model.GraphTest" time="0.001"/>
  <testcase name="testEdgeCount" classname="thesis.antlersolver.model.GraphTest" time="0.0"/>
  <testcase name="testNodeCount" classname="thesis.antlersolver.model.GraphTest" time="0.001"/>
  <testcase name="testEdgeNumber" classname="thesis.antlersolver.model.GraphTest" time="0.001"/>
  <testcase name="testMultiEdgeSet" classname="thesis.antlersolver.model.GraphTest" time="0.001"/>
  <testcase name="testEdgeRemove" classname="thesis.antlersolver.model.GraphTest" time="0.001"/>
  <testcase name="testNodeNbh" classname="thesis.antlersolver.model.GraphTest" time="0.001"/>
</testsuite>